<?xml version="1.0" encoding="UTF-8"?>
<testsuite xmlns:xsi="http://www.w3.org/2001/XMLSchema-instance" xsi:noNamespaceSchemaLocation="https://maven.apache.org/surefire/maven-surefire-plugin/xsd/surefire-test-report-3.0.xsd" version="3.0" name="TestSuite" time="74.782" tests="13" errors="0" skipped="0" failures="0">
  <properties>
[...]
</properties>
  <testcase name="VerifyMidtransPillowHasAddedIntoCart" classname="SeleniumAutomation.Tests.TestTo" time="0.396">
    <system-err><![CDATA[Starting ChromeDriver 113.0.5672.63 (0e1a4471d5ae5bf128b1bd8f4d627c8cbd55f70c-refs/branch-heads/5672@{#912}) on port 40311
Only local connections are allowed.
Please see https://chromedriver.chromium.org/security-considerations for suggestions on keeping ChromeDriver safe.
ChromeDriver was started successfully.
[1686278628.771][WARNING]: This version of ChromeDriver has not been tested with Chrome version 114.
Jun 08, 2023 10:43:49 PM org.openqa.selenium.remote.ProtocolHandshake createSession
INFO: Detected dialect: W3C
]]></system-err>
  </testcase>
  <testcase name="VerifyBuyNowBtnTookToShoppingCart" classname="SeleniumAutomation.Tests.TestTo" time="0.284"/>
  <testcase name="VerifyNameEmailCityAddressPhoneNumberPostalCodeIsAvailable" classname="SeleniumAutomation.Tests.TestTo" time="0.603"/>
  <testcase name="VerifyNameEmailCityAddressPhoneNumberPostalCodeIsEditable" classname="SeleniumAutomation.Tests.TestTo" time="3.459"/>
  <testcase name="VerifyCheckOutBtnRedirectsToSummaryPage" classname="SeleniumAutomation.Tests.TestTo" time="0.202"/>
  <testcase name="VerifyAllInfoAboutOrderIsVisibleOnSummaryPopUp" classname="SeleniumAutomation.Tests.TestTo" time="5.104"/>
  <testcase name="VerifyAllPaymentMethodsListedOnSummaryPage" classname="SeleniumAutomation.Tests.TestTo" time="10.066"/>
  <testcase name="VerifyCickingOnCreditOrDebitCardRedirectToCardDetails" classname="SeleniumAutomation.Tests.TestTo" time="5.455"/>
  <testcase name="VerifyOrderAmountOnCreditCardScreen" classname="SeleniumAutomation.Tests.TestTo" time="4.3"/>
  <testcase name="VerifyCardDetailsAreEditable" classname="SeleniumAutomation.Tests.TestTo" time="4.053"/>
  <testcase name="VerifyPromoCodeBtnWorks" classname="SeleniumAutomation.Tests.TestTo" time="2.174"/>
  <testcase name="VerifyClickingOnPaynowRedirectUsrtoBankPaymentScreen" classname="SeleniumAutomation.Tests.TestTo" time="0.194"/>
  <testcase name="VerifyClickingOnOKBtnWithValidOTP" classname="SeleniumAutomation.Tests.TestTo" time="17.167"/>
</testsuite>